May 29, 2025 11:10:17 AM ControladorMesaVotacion reenviarVotosPendientes
INFO: No hay votos pendientes para reenviar.
May 29, 2025 11:10:17 AM ControladorMesaVotacion iniciarReintentoPeriodico
INFO: Hilo de reintento periodico iniciado.
May 29, 2025 11:10:20 AM ControladorMesaVotacion registrarVoto
SEVERE: Error al enviar voto: java.net.ConnectException: Connection refused
May 29, 2025 11:10:20 AM logger.GuardadoVotos save
SEVERE: Error saving messages: src/main/resources/votos_pendientes.json (No such file or directory)
May 29, 2025 11:10:20 AM ControladorMesaVotacion registrarVoto
WARNING: Guardando voto localmente debido a error: java.net.ConnectException: Connection refused
May 29, 2025 11:10:20 AM ControladorMesaVotacion reenviarVotosPendientes
WARNING: Error al reenviar voto: 54f717fd-1a89-4701-b785-c739d53b8c00 - java.net.ConnectException: Connection refused
May 29, 2025 11:10:23 AM ControladorMesaVotacion reenviarVotosPendientes
WARNING: Error al reenviar voto: 54f717fd-1a89-4701-b785-c739d53b8c00 - java.net.ConnectException: Connection refused
May 29, 2025 11:10:26 AM ControladorMesaVotacion reenviarVotosPendientes
WARNING: Error al reenviar voto: 54f717fd-1a89-4701-b785-c739d53b8c00 - java.net.ConnectException: Connection refused
May 29, 2025 11:10:29 AM ControladorMesaVotacion reenviarVotosPendientes
WARNING: Error al reenviar voto: 54f717fd-1a89-4701-b785-c739d53b8c00 - java.net.ConnectException: Connection refused
May 29, 2025 11:10:32 AM ControladorMesaVotacion reenviarVotosPendientes
WARNING: Error al reenviar voto: 54f717fd-1a89-4701-b785-c739d53b8c00 - java.net.ConnectException: Connection refused
May 29, 2025 11:10:35 AM ControladorMesaVotacion reenviarVotosPendientes
WARNING: Error al reenviar voto: 54f717fd-1a89-4701-b785-c739d53b8c00 - java.net.ConnectException: Connection refused
May 29, 2025 11:10:38 AM ControladorMesaVotacion reenviarVotosPendientes
WARNING: Error al reenviar voto: 54f717fd-1a89-4701-b785-c739d53b8c00 - java.net.ConnectException: Connection refused
May 29, 2025 11:10:41 AM ackService.AckServiceI confirm
INFO: ACK recibido: 54f717fd-1a89-4701-b785-c739d53b8c00
May 29, 2025 11:10:41 AM logger.GuardadoVotos save
SEVERE: Error saving messages: src/main/resources/votos_pendientes.json (No such file or directory)
May 29, 2025 11:10:41 AM ControladorMesaVotacion reenviarVotosPendientes
INFO: Voto reenviado exitosamente: 54f717fd-1a89-4701-b785-c739d53b8c00
May 29, 2025 11:10:44 AM ControladorMesaVotacion reenviarVotosPendientes
INFO: No hay votos pendientes para reenviar.
May 29, 2025 11:10:47 AM ControladorMesaVotacion reenviarVotosPendientes
INFO: No hay votos pendientes para reenviar.
May 29, 2025 11:10:50 AM ControladorMesaVotacion reenviarVotosPendientes
INFO: No hay votos pendientes para reenviar.
May 29, 2025 11:10:53 AM ControladorMesaVotacion reenviarVotosPendientes
INFO: No hay votos pendientes para reenviar.
May 29, 2025 11:10:56 AM ControladorMesaVotacion reenviarVotosPendientes
INFO: No hay votos pendientes para reenviar.
May 29, 2025 11:10:59 AM ControladorMesaVotacion reenviarVotosPendientes
INFO: No hay votos pendientes para reenviar.
May 29, 2025 11:11:02 AM ControladorMesaVotacion reenviarVotosPendientes
INFO: No hay votos pendientes para reenviar.
May 29, 2025 11:11:05 AM ControladorMesaVotacion reenviarVotosPendientes
INFO: No hay votos pendientes para reenviar.
May 29, 2025 11:11:08 AM ControladorMesaVotacion reenviarVotosPendientes
INFO: No hay votos pendientes para reenviar.
May 29, 2025 11:11:11 AM ControladorMesaVotacion reenviarVotosPendientes
INFO: No hay votos pendientes para reenviar.
May 29, 2025 11:11:14 AM ControladorMesaVotacion reenviarVotosPendientes
INFO: No hay votos pendientes para reenviar.
May 29, 2025 11:11:17 AM ControladorMesaVotacion reenviarVotosPendientes
INFO: No hay votos pendientes para reenviar.
May 29, 2025 11:11:20 AM ControladorMesaVotacion reenviarVotosPendientes
INFO: No hay votos pendientes para reenviar.
May 29, 2025 11:11:23 AM ControladorMesaVotacion reenviarVotosPendientes
INFO: No hay votos pendientes para reenviar.
May 29, 2025 11:11:26 AM ControladorMesaVotacion reenviarVotosPendientes
INFO: No hay votos pendientes para reenviar.
May 29, 2025 11:11:36 AM ControladorMesaVotacion reenviarVotosPendientes
INFO: No hay votos pendientes para reenviar.
May 29, 2025 11:11:36 AM ControladorMesaVotacion iniciarReintentoPeriodico
INFO: Hilo de reintento periodico iniciado.
May 29, 2025 11:11:38 AM ackService.AckServiceI confirm
INFO: ACK recibido: 1f325129-5138-4cfa-a1cd-63e3213ec2f5
May 29, 2025 11:11:38 AM ControladorMesaVotacion registrarVoto
INFO: Voto enviado para: Candidato B, ID: 1f325129-5138-4cfa-a1cd-63e3213ec2f5
May 29, 2025 11:11:39 AM ControladorMesaVotacion reenviarVotosPendientes
INFO: No hay votos pendientes para reenviar.
May 29, 2025 11:11:42 AM ControladorMesaVotacion reenviarVotosPendientes
INFO: No hay votos pendientes para reenviar.
May 29, 2025 11:11:45 AM ControladorMesaVotacion reenviarVotosPendientes
INFO: No hay votos pendientes para reenviar.
May 29, 2025 11:11:48 AM ControladorMesaVotacion reenviarVotosPendientes
INFO: No hay votos pendientes para reenviar.
May 29, 2025 11:11:51 AM ControladorMesaVotacion reenviarVotosPendientes
INFO: No hay votos pendientes para reenviar.
May 29, 2025 11:11:54 AM ControladorMesaVotacion reenviarVotosPendientes
INFO: No hay votos pendientes para reenviar.
May 29, 2025 11:11:57 AM ControladorMesaVotacion reenviarVotosPendientes
INFO: No hay votos pendientes para reenviar.
May 29, 2025 11:12:00 AM ControladorMesaVotacion reenviarVotosPendientes
INFO: No hay votos pendientes para reenviar.
May 29, 2025 11:12:03 AM ControladorMesaVotacion reenviarVotosPendientes
INFO: No hay votos pendientes para reenviar.
May 29, 2025 11:12:06 AM ControladorMesaVotacion reenviarVotosPendientes
INFO: No hay votos pendientes para reenviar.
May 29, 2025 11:12:09 AM ControladorMesaVotacion reenviarVotosPendientes
INFO: No hay votos pendientes para reenviar.
May 29, 2025 11:12:12 AM ControladorMesaVotacion reenviarVotosPendientes
INFO: No hay votos pendientes para reenviar.
May 29, 2025 11:12:15 AM ControladorMesaVotacion reenviarVotosPendientes
INFO: No hay votos pendientes para reenviar.
May 29, 2025 11:12:18 AM ControladorMesaVotacion reenviarVotosPendientes
INFO: No hay votos pendientes para reenviar.
May 29, 2025 11:12:21 AM ControladorMesaVotacion reenviarVotosPendientes
INFO: No hay votos pendientes para reenviar.
May 29, 2025 11:12:24 AM ControladorMesaVotacion reenviarVotosPendientes
INFO: No hay votos pendientes para reenviar.
May 29, 2025 11:12:27 AM ControladorMesaVotacion reenviarVotosPendientes
INFO: No hay votos pendientes para reenviar.
May 29, 2025 11:12:30 AM ControladorMesaVotacion reenviarVotosPendientes
INFO: No hay votos pendientes para reenviar.
May 29, 2025 11:12:33 AM ControladorMesaVotacion reenviarVotosPendientes
INFO: No hay votos pendientes para reenviar.
May 29, 2025 11:12:36 AM ControladorMesaVotacion reenviarVotosPendientes
INFO: No hay votos pendientes para reenviar.
May 29, 2025 11:12:39 AM ControladorMesaVotacion reenviarVotosPendientes
INFO: No hay votos pendientes para reenviar.
May 29, 2025 11:12:42 AM ControladorMesaVotacion reenviarVotosPendientes
INFO: No hay votos pendientes para reenviar.
May 29, 2025 11:12:45 AM ControladorMesaVotacion reenviarVotosPendientes
INFO: No hay votos pendientes para reenviar.
May 29, 2025 11:12:48 AM ControladorMesaVotacion reenviarVotosPendientes
INFO: No hay votos pendientes para reenviar.
May 29, 2025 11:12:51 AM ControladorMesaVotacion reenviarVotosPendientes
INFO: No hay votos pendientes para reenviar.
May 29, 2025 11:12:54 AM ControladorMesaVotacion reenviarVotosPendientes
INFO: No hay votos pendientes para reenviar.
May 29, 2025 11:12:57 AM ControladorMesaVotacion reenviarVotosPendientes
INFO: No hay votos pendientes para reenviar.
May 29, 2025 11:13:00 AM ControladorMesaVotacion reenviarVotosPendientes
INFO: No hay votos pendientes para reenviar.
May 29, 2025 11:13:03 AM ControladorMesaVotacion reenviarVotosPendientes
INFO: No hay votos pendientes para reenviar.
May 29, 2025 11:13:06 AM ControladorMesaVotacion reenviarVotosPendientes
INFO: No hay votos pendientes para reenviar.
May 29, 2025 11:13:09 AM ControladorMesaVotacion reenviarVotosPendientes
INFO: No hay votos pendientes para reenviar.
May 29, 2025 11:13:12 AM ControladorMesaVotacion reenviarVotosPendientes
INFO: No hay votos pendientes para reenviar.
May 29, 2025 11:13:15 AM ControladorMesaVotacion reenviarVotosPendientes
INFO: No hay votos pendientes para reenviar.
May 29, 2025 11:13:18 AM ControladorMesaVotacion reenviarVotosPendientes
INFO: No hay votos pendientes para reenviar.
May 29, 2025 11:13:21 AM ControladorMesaVotacion reenviarVotosPendientes
INFO: No hay votos pendientes para reenviar.
May 29, 2025 11:13:24 AM ControladorMesaVotacion reenviarVotosPendientes
INFO: No hay votos pendientes para reenviar.
May 29, 2025 11:13:27 AM ControladorMesaVotacion reenviarVotosPendientes
INFO: No hay votos pendientes para reenviar.
May 29, 2025 11:13:30 AM ControladorMesaVotacion reenviarVotosPendientes
INFO: No hay votos pendientes para reenviar.
May 29, 2025 11:13:33 AM ControladorMesaVotacion reenviarVotosPendientes
INFO: No hay votos pendientes para reenviar.
May 29, 2025 11:13:36 AM ControladorMesaVotacion reenviarVotosPendientes
INFO: No hay votos pendientes para reenviar.
May 29, 2025 11:13:39 AM ControladorMesaVotacion reenviarVotosPendientes
INFO: No hay votos pendientes para reenviar.
May 29, 2025 11:13:42 AM ControladorMesaVotacion reenviarVotosPendientes
INFO: No hay votos pendientes para reenviar.
May 29, 2025 11:13:45 AM ControladorMesaVotacion reenviarVotosPendientes
INFO: No hay votos pendientes para reenviar.
May 29, 2025 11:13:48 AM ControladorMesaVotacion reenviarVotosPendientes
INFO: No hay votos pendientes para reenviar.
May 29, 2025 11:13:51 AM ControladorMesaVotacion reenviarVotosPendientes
INFO: No hay votos pendientes para reenviar.
May 29, 2025 11:13:54 AM ControladorMesaVotacion reenviarVotosPendientes
INFO: No hay votos pendientes para reenviar.
May 29, 2025 11:13:57 AM ControladorMesaVotacion reenviarVotosPendientes
INFO: No hay votos pendientes para reenviar.
May 29, 2025 11:14:00 AM ControladorMesaVotacion reenviarVotosPendientes
INFO: No hay votos pendientes para reenviar.
May 29, 2025 11:14:03 AM ControladorMesaVotacion reenviarVotosPendientes
INFO: No hay votos pendientes para reenviar.
May 29, 2025 11:14:06 AM ControladorMesaVotacion reenviarVotosPendientes
INFO: No hay votos pendientes para reenviar.
May 29, 2025 11:14:09 AM ControladorMesaVotacion reenviarVotosPendientes
INFO: No hay votos pendientes para reenviar.
May 29, 2025 11:14:12 AM ControladorMesaVotacion reenviarVotosPendientes
INFO: No hay votos pendientes para reenviar.
May 29, 2025 11:14:15 AM ControladorMesaVotacion reenviarVotosPendientes
INFO: No hay votos pendientes para reenviar.
May 29, 2025 11:14:18 AM ControladorMesaVotacion reenviarVotosPendientes
INFO: No hay votos pendientes para reenviar.
May 29, 2025 11:14:21 AM ControladorMesaVotacion reenviarVotosPendientes
INFO: No hay votos pendientes para reenviar.
May 29, 2025 11:14:24 AM ControladorMesaVotacion reenviarVotosPendientes
INFO: No hay votos pendientes para reenviar.
May 29, 2025 11:14:27 AM ControladorMesaVotacion reenviarVotosPendientes
INFO: No hay votos pendientes para reenviar.
May 29, 2025 11:14:30 AM ControladorMesaVotacion reenviarVotosPendientes
INFO: No hay votos pendientes para reenviar.
May 29, 2025 11:14:33 AM ControladorMesaVotacion reenviarVotosPendientes
INFO: No hay votos pendientes para reenviar.
May 29, 2025 11:14:36 AM ControladorMesaVotacion reenviarVotosPendientes
INFO: No hay votos pendientes para reenviar.
May 29, 2025 11:14:39 AM ControladorMesaVotacion reenviarVotosPendientes
INFO: No hay votos pendientes para reenviar.
May 29, 2025 11:14:42 AM ControladorMesaVotacion reenviarVotosPendientes
INFO: No hay votos pendientes para reenviar.
May 29, 2025 11:14:45 AM ControladorMesaVotacion reenviarVotosPendientes
INFO: No hay votos pendientes para reenviar.
May 29, 2025 11:14:48 AM ControladorMesaVotacion reenviarVotosPendientes
INFO: No hay votos pendientes para reenviar.
May 29, 2025 11:14:51 AM ControladorMesaVotacion reenviarVotosPendientes
INFO: No hay votos pendientes para reenviar.
May 29, 2025 11:14:54 AM ControladorMesaVotacion reenviarVotosPendientes
INFO: No hay votos pendientes para reenviar.
May 29, 2025 11:14:57 AM ControladorMesaVotacion reenviarVotosPendientes
INFO: No hay votos pendientes para reenviar.
May 29, 2025 11:15:00 AM ControladorMesaVotacion reenviarVotosPendientes
INFO: No hay votos pendientes para reenviar.
May 29, 2025 11:15:03 AM ControladorMesaVotacion reenviarVotosPendientes
INFO: No hay votos pendientes para reenviar.
May 29, 2025 11:15:06 AM ControladorMesaVotacion reenviarVotosPendientes
INFO: No hay votos pendientes para reenviar.
May 29, 2025 11:15:09 AM ControladorMesaVotacion reenviarVotosPendientes
INFO: No hay votos pendientes para reenviar.
May 29, 2025 11:15:12 AM ControladorMesaVotacion reenviarVotosPendientes
INFO: No hay votos pendientes para reenviar.
May 29, 2025 11:15:15 AM ControladorMesaVotacion reenviarVotosPendientes
INFO: No hay votos pendientes para reenviar.
May 29, 2025 11:15:18 AM ControladorMesaVotacion reenviarVotosPendientes
INFO: No hay votos pendientes para reenviar.
May 29, 2025 11:15:21 AM ControladorMesaVotacion reenviarVotosPendientes
INFO: No hay votos pendientes para reenviar.
May 29, 2025 11:15:24 AM ControladorMesaVotacion reenviarVotosPendientes
INFO: No hay votos pendientes para reenviar.
May 29, 2025 11:15:27 AM ControladorMesaVotacion reenviarVotosPendientes
INFO: No hay votos pendientes para reenviar.
May 29, 2025 11:15:30 AM ControladorMesaVotacion reenviarVotosPendientes
INFO: No hay votos pendientes para reenviar.
May 29, 2025 11:15:33 AM ControladorMesaVotacion reenviarVotosPendientes
INFO: No hay votos pendientes para reenviar.
May 29, 2025 11:15:36 AM ControladorMesaVotacion reenviarVotosPendientes
INFO: No hay votos pendientes para reenviar.
May 29, 2025 11:15:39 AM ControladorMesaVotacion reenviarVotosPendientes
INFO: No hay votos pendientes para reenviar.
May 29, 2025 11:15:42 AM ControladorMesaVotacion reenviarVotosPendientes
INFO: No hay votos pendientes para reenviar.
May 29, 2025 11:15:45 AM ControladorMesaVotacion reenviarVotosPendientes
INFO: No hay votos pendientes para reenviar.
May 29, 2025 11:15:48 AM ControladorMesaVotacion reenviarVotosPendientes
INFO: No hay votos pendientes para reenviar.
May 29, 2025 11:15:51 AM ControladorMesaVotacion reenviarVotosPendientes
INFO: No hay votos pendientes para reenviar.
May 29, 2025 11:15:54 AM ControladorMesaVotacion reenviarVotosPendientes
INFO: No hay votos pendientes para reenviar.
May 29, 2025 11:15:57 AM ControladorMesaVotacion reenviarVotosPendientes
INFO: No hay votos pendientes para reenviar.
May 29, 2025 11:16:00 AM ControladorMesaVotacion reenviarVotosPendientes
INFO: No hay votos pendientes para reenviar.
May 29, 2025 11:16:03 AM ControladorMesaVotacion reenviarVotosPendientes
INFO: No hay votos pendientes para reenviar.
May 29, 2025 11:16:06 AM ControladorMesaVotacion reenviarVotosPendientes
INFO: No hay votos pendientes para reenviar.
May 29, 2025 11:16:09 AM ControladorMesaVotacion reenviarVotosPendientes
INFO: No hay votos pendientes para reenviar.
May 29, 2025 11:16:12 AM ControladorMesaVotacion reenviarVotosPendientes
INFO: No hay votos pendientes para reenviar.
May 29, 2025 11:16:15 AM ControladorMesaVotacion reenviarVotosPendientes
INFO: No hay votos pendientes para reenviar.
May 29, 2025 11:16:18 AM ControladorMesaVotacion reenviarVotosPendientes
INFO: No hay votos pendientes para reenviar.
May 29, 2025 11:16:21 AM ControladorMesaVotacion reenviarVotosPendientes
INFO: No hay votos pendientes para reenviar.
May 29, 2025 11:16:24 AM ControladorMesaVotacion reenviarVotosPendientes
INFO: No hay votos pendientes para reenviar.
May 29, 2025 11:16:27 AM ControladorMesaVotacion reenviarVotosPendientes
INFO: No hay votos pendientes para reenviar.
May 29, 2025 11:16:30 AM ControladorMesaVotacion reenviarVotosPendientes
INFO: No hay votos pendientes para reenviar.
May 29, 2025 11:16:33 AM ControladorMesaVotacion reenviarVotosPendientes
INFO: No hay votos pendientes para reenviar.
May 29, 2025 11:16:36 AM ControladorMesaVotacion reenviarVotosPendientes
INFO: No hay votos pendientes para reenviar.
May 29, 2025 11:16:39 AM ControladorMesaVotacion reenviarVotosPendientes
INFO: No hay votos pendientes para reenviar.
May 29, 2025 11:16:42 AM ControladorMesaVotacion reenviarVotosPendientes
INFO: No hay votos pendientes para reenviar.
May 29, 2025 11:16:45 AM ControladorMesaVotacion reenviarVotosPendientes
INFO: No hay votos pendientes para reenviar.
May 29, 2025 11:16:48 AM ControladorMesaVotacion reenviarVotosPendientes
INFO: No hay votos pendientes para reenviar.
May 29, 2025 11:16:51 AM ControladorMesaVotacion reenviarVotosPendientes
INFO: No hay votos pendientes para reenviar.
May 29, 2025 11:16:54 AM ControladorMesaVotacion reenviarVotosPendientes
INFO: No hay votos pendientes para reenviar.
May 29, 2025 11:16:57 AM ControladorMesaVotacion reenviarVotosPendientes
INFO: No hay votos pendientes para reenviar.
May 29, 2025 11:17:00 AM ControladorMesaVotacion reenviarVotosPendientes
INFO: No hay votos pendientes para reenviar.
May 29, 2025 11:17:03 AM ControladorMesaVotacion reenviarVotosPendientes
INFO: No hay votos pendientes para reenviar.
May 29, 2025 11:17:06 AM ControladorMesaVotacion reenviarVotosPendientes
INFO: No hay votos pendientes para reenviar.
May 29, 2025 11:17:09 AM ControladorMesaVotacion reenviarVotosPendientes
INFO: No hay votos pendientes para reenviar.
May 29, 2025 11:17:12 AM ControladorMesaVotacion reenviarVotosPendientes
INFO: No hay votos pendientes para reenviar.
May 29, 2025 11:17:15 AM ControladorMesaVotacion reenviarVotosPendientes
INFO: No hay votos pendientes para reenviar.
May 29, 2025 11:17:18 AM ControladorMesaVotacion reenviarVotosPendientes
INFO: No hay votos pendientes para reenviar.
May 29, 2025 11:17:21 AM ControladorMesaVotacion reenviarVotosPendientes
INFO: No hay votos pendientes para reenviar.
May 29, 2025 11:17:24 AM ControladorMesaVotacion reenviarVotosPendientes
INFO: No hay votos pendientes para reenviar.
May 29, 2025 11:17:27 AM ControladorMesaVotacion reenviarVotosPendientes
INFO: No hay votos pendientes para reenviar.
May 29, 2025 11:17:30 AM ControladorMesaVotacion reenviarVotosPendientes
INFO: No hay votos pendientes para reenviar.
May 29, 2025 11:17:33 AM ControladorMesaVotacion reenviarVotosPendientes
INFO: No hay votos pendientes para reenviar.
May 29, 2025 11:17:36 AM ControladorMesaVotacion reenviarVotosPendientes
INFO: No hay votos pendientes para reenviar.
May 29, 2025 11:17:39 AM ControladorMesaVotacion reenviarVotosPendientes
INFO: No hay votos pendientes para reenviar.
May 29, 2025 11:17:42 AM ControladorMesaVotacion reenviarVotosPendientes
INFO: No hay votos pendientes para reenviar.
May 29, 2025 11:17:45 AM ControladorMesaVotacion reenviarVotosPendientes
INFO: No hay votos pendientes para reenviar.
May 29, 2025 11:17:48 AM ControladorMesaVotacion reenviarVotosPendientes
INFO: No hay votos pendientes para reenviar.
May 29, 2025 11:17:51 AM ControladorMesaVotacion reenviarVotosPendientes
INFO: No hay votos pendientes para reenviar.
May 29, 2025 11:17:54 AM ControladorMesaVotacion reenviarVotosPendientes
INFO: No hay votos pendientes para reenviar.
May 29, 2025 11:17:57 AM ControladorMesaVotacion reenviarVotosPendientes
INFO: No hay votos pendientes para reenviar.
May 29, 2025 11:18:00 AM ControladorMesaVotacion reenviarVotosPendientes
INFO: No hay votos pendientes para reenviar.
May 29, 2025 11:18:03 AM ControladorMesaVotacion reenviarVotosPendientes
INFO: No hay votos pendientes para reenviar.
May 29, 2025 11:18:06 AM ControladorMesaVotacion reenviarVotosPendientes
INFO: No hay votos pendientes para reenviar.
May 29, 2025 11:18:09 AM ControladorMesaVotacion reenviarVotosPendientes
INFO: No hay votos pendientes para reenviar.
May 29, 2025 11:18:12 AM ControladorMesaVotacion reenviarVotosPendientes
INFO: No hay votos pendientes para reenviar.
May 29, 2025 11:18:15 AM ControladorMesaVotacion reenviarVotosPendientes
INFO: No hay votos pendientes para reenviar.
May 29, 2025 11:18:18 AM ControladorMesaVotacion reenviarVotosPendientes
INFO: No hay votos pendientes para reenviar.
May 29, 2025 11:18:21 AM ControladorMesaVotacion reenviarVotosPendientes
INFO: No hay votos pendientes para reenviar.
May 29, 2025 11:18:24 AM ControladorMesaVotacion reenviarVotosPendientes
INFO: No hay votos pendientes para reenviar.
May 29, 2025 11:18:27 AM ControladorMesaVotacion reenviarVotosPendientes
INFO: No hay votos pendientes para reenviar.
May 29, 2025 11:18:30 AM ControladorMesaVotacion reenviarVotosPendientes
INFO: No hay votos pendientes para reenviar.
May 29, 2025 11:18:33 AM ControladorMesaVotacion reenviarVotosPendientes
INFO: No hay votos pendientes para reenviar.
May 29, 2025 11:18:36 AM ControladorMesaVotacion reenviarVotosPendientes
INFO: No hay votos pendientes para reenviar.
May 29, 2025 11:18:39 AM ControladorMesaVotacion reenviarVotosPendientes
INFO: No hay votos pendientes para reenviar.
May 29, 2025 11:18:42 AM ControladorMesaVotacion reenviarVotosPendientes
INFO: No hay votos pendientes para reenviar.
May 29, 2025 11:18:45 AM ControladorMesaVotacion reenviarVotosPendientes
INFO: No hay votos pendientes para reenviar.
May 29, 2025 11:18:48 AM ControladorMesaVotacion reenviarVotosPendientes
INFO: No hay votos pendientes para reenviar.
May 29, 2025 11:18:51 AM ControladorMesaVotacion reenviarVotosPendientes
INFO: No hay votos pendientes para reenviar.
May 29, 2025 11:18:54 AM ControladorMesaVotacion reenviarVotosPendientes
INFO: No hay votos pendientes para reenviar.
May 29, 2025 11:18:57 AM ControladorMesaVotacion reenviarVotosPendientes
INFO: No hay votos pendientes para reenviar.
May 29, 2025 11:19:00 AM ControladorMesaVotacion reenviarVotosPendientes
INFO: No hay votos pendientes para reenviar.
May 29, 2025 11:19:03 AM ControladorMesaVotacion reenviarVotosPendientes
INFO: No hay votos pendientes para reenviar.
May 29, 2025 11:19:06 AM ControladorMesaVotacion reenviarVotosPendientes
INFO: No hay votos pendientes para reenviar.
May 29, 2025 11:19:09 AM ControladorMesaVotacion reenviarVotosPendientes
INFO: No hay votos pendientes para reenviar.
May 29, 2025 11:19:12 AM ControladorMesaVotacion reenviarVotosPendientes
INFO: No hay votos pendientes para reenviar.
May 29, 2025 11:19:15 AM ControladorMesaVotacion reenviarVotosPendientes
INFO: No hay votos pendientes para reenviar.
May 29, 2025 11:19:18 AM ControladorMesaVotacion reenviarVotosPendientes
INFO: No hay votos pendientes para reenviar.
May 29, 2025 11:19:21 AM ControladorMesaVotacion reenviarVotosPendientes
INFO: No hay votos pendientes para reenviar.
May 29, 2025 11:19:24 AM ControladorMesaVotacion reenviarVotosPendientes
INFO: No hay votos pendientes para reenviar.
May 29, 2025 11:19:27 AM ControladorMesaVotacion reenviarVotosPendientes
INFO: No hay votos pendientes para reenviar.
May 29, 2025 11:19:30 AM ControladorMesaVotacion reenviarVotosPendientes
INFO: No hay votos pendientes para reenviar.
May 29, 2025 11:19:33 AM ControladorMesaVotacion reenviarVotosPendientes
INFO: No hay votos pendientes para reenviar.
May 29, 2025 11:19:36 AM ControladorMesaVotacion reenviarVotosPendientes
INFO: No hay votos pendientes para reenviar.
May 29, 2025 11:19:39 AM ControladorMesaVotacion reenviarVotosPendientes
INFO: No hay votos pendientes para reenviar.
May 29, 2025 11:19:42 AM ControladorMesaVotacion reenviarVotosPendientes
INFO: No hay votos pendientes para reenviar.
May 29, 2025 11:19:45 AM ControladorMesaVotacion reenviarVotosPendientes
INFO: No hay votos pendientes para reenviar.
May 29, 2025 11:19:48 AM ControladorMesaVotacion reenviarVotosPendientes
INFO: No hay votos pendientes para reenviar.
May 29, 2025 11:19:51 AM ControladorMesaVotacion reenviarVotosPendientes
INFO: No hay votos pendientes para reenviar.
May 29, 2025 11:19:54 AM ControladorMesaVotacion reenviarVotosPendientes
INFO: No hay votos pendientes para reenviar.
May 29, 2025 11:19:57 AM ControladorMesaVotacion reenviarVotosPendientes
INFO: No hay votos pendientes para reenviar.
May 29, 2025 11:20:00 AM ControladorMesaVotacion reenviarVotosPendientes
INFO: No hay votos pendientes para reenviar.
May 29, 2025 11:20:03 AM ControladorMesaVotacion reenviarVotosPendientes
INFO: No hay votos pendientes para reenviar.
May 29, 2025 11:20:06 AM ControladorMesaVotacion reenviarVotosPendientes
INFO: No hay votos pendientes para reenviar.
May 29, 2025 11:20:09 AM ControladorMesaVotacion reenviarVotosPendientes
INFO: No hay votos pendientes para reenviar.
May 29, 2025 11:20:12 AM ControladorMesaVotacion reenviarVotosPendientes
INFO: No hay votos pendientes para reenviar.
May 29, 2025 11:20:15 AM ControladorMesaVotacion reenviarVotosPendientes
INFO: No hay votos pendientes para reenviar.
May 29, 2025 11:20:18 AM ControladorMesaVotacion reenviarVotosPendientes
INFO: No hay votos pendientes para reenviar.
May 29, 2025 11:20:21 AM ControladorMesaVotacion reenviarVotosPendientes
INFO: No hay votos pendientes para reenviar.
May 29, 2025 11:20:24 AM ControladorMesaVotacion reenviarVotosPendientes
INFO: No hay votos pendientes para reenviar.
May 29, 2025 11:20:27 AM ControladorMesaVotacion reenviarVotosPendientes
INFO: No hay votos pendientes para reenviar.
May 29, 2025 11:20:30 AM ControladorMesaVotacion reenviarVotosPendientes
INFO: No hay votos pendientes para reenviar.
May 29, 2025 11:20:33 AM ControladorMesaVotacion reenviarVotosPendientes
INFO: No hay votos pendientes para reenviar.
May 29, 2025 11:20:36 AM ControladorMesaVotacion reenviarVotosPendientes
INFO: No hay votos pendientes para reenviar.
May 29, 2025 11:20:39 AM ControladorMesaVotacion reenviarVotosPendientes
INFO: No hay votos pendientes para reenviar.
May 29, 2025 11:20:42 AM ControladorMesaVotacion reenviarVotosPendientes
INFO: No hay votos pendientes para reenviar.
May 29, 2025 11:20:45 AM ControladorMesaVotacion reenviarVotosPendientes
INFO: No hay votos pendientes para reenviar.
May 29, 2025 11:20:48 AM ControladorMesaVotacion reenviarVotosPendientes
INFO: No hay votos pendientes para reenviar.
May 29, 2025 11:20:51 AM ControladorMesaVotacion reenviarVotosPendientes
INFO: No hay votos pendientes para reenviar.
May 29, 2025 11:20:54 AM ControladorMesaVotacion reenviarVotosPendientes
INFO: No hay votos pendientes para reenviar.
May 29, 2025 11:20:57 AM ControladorMesaVotacion reenviarVotosPendientes
INFO: No hay votos pendientes para reenviar.
May 29, 2025 11:21:00 AM ControladorMesaVotacion reenviarVotosPendientes
INFO: No hay votos pendientes para reenviar.
May 29, 2025 11:21:03 AM ControladorMesaVotacion reenviarVotosPendientes
INFO: No hay votos pendientes para reenviar.
May 29, 2025 11:21:06 AM ControladorMesaVotacion reenviarVotosPendientes
INFO: No hay votos pendientes para reenviar.
May 29, 2025 11:21:09 AM ControladorMesaVotacion reenviarVotosPendientes
INFO: No hay votos pendientes para reenviar.
May 29, 2025 11:21:12 AM ControladorMesaVotacion reenviarVotosPendientes
INFO: No hay votos pendientes para reenviar.
May 29, 2025 11:21:15 AM ControladorMesaVotacion reenviarVotosPendientes
INFO: No hay votos pendientes para reenviar.
May 29, 2025 11:21:18 AM ControladorMesaVotacion reenviarVotosPendientes
INFO: No hay votos pendientes para reenviar.
May 29, 2025 11:21:21 AM ControladorMesaVotacion reenviarVotosPendientes
INFO: No hay votos pendientes para reenviar.
May 29, 2025 11:21:24 AM ControladorMesaVotacion reenviarVotosPendientes
INFO: No hay votos pendientes para reenviar.
May 29, 2025 11:21:27 AM ControladorMesaVotacion reenviarVotosPendientes
INFO: No hay votos pendientes para reenviar.
May 29, 2025 11:21:30 AM ControladorMesaVotacion reenviarVotosPendientes
INFO: No hay votos pendientes para reenviar.
May 29, 2025 11:21:33 AM ControladorMesaVotacion reenviarVotosPendientes
INFO: No hay votos pendientes para reenviar.
May 29, 2025 11:21:36 AM ControladorMesaVotacion reenviarVotosPendientes
INFO: No hay votos pendientes para reenviar.
May 29, 2025 11:21:39 AM ControladorMesaVotacion reenviarVotosPendientes
INFO: No hay votos pendientes para reenviar.
May 29, 2025 11:21:42 AM ControladorMesaVotacion reenviarVotosPendientes
INFO: No hay votos pendientes para reenviar.
May 29, 2025 11:21:45 AM ControladorMesaVotacion reenviarVotosPendientes
INFO: No hay votos pendientes para reenviar.
May 29, 2025 11:21:48 AM ControladorMesaVotacion reenviarVotosPendientes
INFO: No hay votos pendientes para reenviar.
May 29, 2025 11:21:51 AM ControladorMesaVotacion reenviarVotosPendientes
INFO: No hay votos pendientes para reenviar.
May 29, 2025 11:21:54 AM ControladorMesaVotacion reenviarVotosPendientes
INFO: No hay votos pendientes para reenviar.
May 29, 2025 11:21:57 AM ControladorMesaVotacion reenviarVotosPendientes
INFO: No hay votos pendientes para reenviar.
May 29, 2025 11:22:00 AM ControladorMesaVotacion reenviarVotosPendientes
INFO: No hay votos pendientes para reenviar.
May 29, 2025 11:22:03 AM ControladorMesaVotacion reenviarVotosPendientes
INFO: No hay votos pendientes para reenviar.
May 29, 2025 11:22:06 AM ControladorMesaVotacion reenviarVotosPendientes
INFO: No hay votos pendientes para reenviar.
May 29, 2025 11:22:09 AM ControladorMesaVotacion reenviarVotosPendientes
INFO: No hay votos pendientes para reenviar.
May 29, 2025 11:22:12 AM ControladorMesaVotacion reenviarVotosPendientes
INFO: No hay votos pendientes para reenviar.
May 29, 2025 11:22:15 AM ControladorMesaVotacion reenviarVotosPendientes
INFO: No hay votos pendientes para reenviar.
May 29, 2025 11:22:18 AM ControladorMesaVotacion reenviarVotosPendientes
INFO: No hay votos pendientes para reenviar.
May 29, 2025 11:22:21 AM ControladorMesaVotacion reenviarVotosPendientes
INFO: No hay votos pendientes para reenviar.
May 29, 2025 11:22:24 AM ControladorMesaVotacion reenviarVotosPendientes
INFO: No hay votos pendientes para reenviar.
May 29, 2025 11:22:27 AM ControladorMesaVotacion reenviarVotosPendientes
INFO: No hay votos pendientes para reenviar.
May 29, 2025 11:22:30 AM ControladorMesaVotacion reenviarVotosPendientes
INFO: No hay votos pendientes para reenviar.
May 29, 2025 11:22:33 AM ControladorMesaVotacion reenviarVotosPendientes
INFO: No hay votos pendientes para reenviar.
May 29, 2025 11:22:36 AM ControladorMesaVotacion reenviarVotosPendientes
INFO: No hay votos pendientes para reenviar.
May 29, 2025 11:22:39 AM ControladorMesaVotacion reenviarVotosPendientes
INFO: No hay votos pendientes para reenviar.
May 29, 2025 11:22:42 AM ControladorMesaVotacion reenviarVotosPendientes
INFO: No hay votos pendientes para reenviar.
May 29, 2025 11:22:45 AM ControladorMesaVotacion reenviarVotosPendientes
INFO: No hay votos pendientes para reenviar.
May 29, 2025 11:22:48 AM ControladorMesaVotacion reenviarVotosPendientes
INFO: No hay votos pendientes para reenviar.
May 29, 2025 11:22:51 AM ControladorMesaVotacion reenviarVotosPendientes
INFO: No hay votos pendientes para reenviar.
May 29, 2025 11:22:54 AM ControladorMesaVotacion reenviarVotosPendientes
INFO: No hay votos pendientes para reenviar.
May 29, 2025 11:22:57 AM ControladorMesaVotacion reenviarVotosPendientes
INFO: No hay votos pendientes para reenviar.
May 29, 2025 11:23:00 AM ControladorMesaVotacion reenviarVotosPendientes
INFO: No hay votos pendientes para reenviar.
May 29, 2025 11:23:03 AM ControladorMesaVotacion reenviarVotosPendientes
INFO: No hay votos pendientes para reenviar.
May 29, 2025 11:23:06 AM ControladorMesaVotacion reenviarVotosPendientes
INFO: No hay votos pendientes para reenviar.
May 29, 2025 11:23:09 AM ControladorMesaVotacion reenviarVotosPendientes
INFO: No hay votos pendientes para reenviar.
May 29, 2025 11:23:12 AM ControladorMesaVotacion reenviarVotosPendientes
INFO: No hay votos pendientes para reenviar.
May 29, 2025 11:23:15 AM ControladorMesaVotacion reenviarVotosPendientes
INFO: No hay votos pendientes para reenviar.
May 29, 2025 11:23:18 AM ControladorMesaVotacion reenviarVotosPendientes
INFO: No hay votos pendientes para reenviar.
May 29, 2025 11:23:21 AM ControladorMesaVotacion reenviarVotosPendientes
INFO: No hay votos pendientes para reenviar.
May 29, 2025 11:23:24 AM ControladorMesaVotacion reenviarVotosPendientes
INFO: No hay votos pendientes para reenviar.
May 29, 2025 11:23:27 AM ControladorMesaVotacion reenviarVotosPendientes
INFO: No hay votos pendientes para reenviar.
May 29, 2025 11:23:30 AM ControladorMesaVotacion reenviarVotosPendientes
INFO: No hay votos pendientes para reenviar.
May 29, 2025 11:23:33 AM ControladorMesaVotacion reenviarVotosPendientes
INFO: No hay votos pendientes para reenviar.
May 29, 2025 11:23:36 AM ControladorMesaVotacion reenviarVotosPendientes
INFO: No hay votos pendientes para reenviar.
May 29, 2025 11:23:39 AM ControladorMesaVotacion reenviarVotosPendientes
INFO: No hay votos pendientes para reenviar.
May 29, 2025 11:23:42 AM ControladorMesaVotacion reenviarVotosPendientes
INFO: No hay votos pendientes para reenviar.
May 29, 2025 11:23:45 AM ControladorMesaVotacion reenviarVotosPendientes
INFO: No hay votos pendientes para reenviar.
May 29, 2025 11:23:48 AM ControladorMesaVotacion reenviarVotosPendientes
INFO: No hay votos pendientes para reenviar.
May 29, 2025 11:23:51 AM ControladorMesaVotacion reenviarVotosPendientes
INFO: No hay votos pendientes para reenviar.
May 29, 2025 11:23:54 AM ControladorMesaVotacion reenviarVotosPendientes
INFO: No hay votos pendientes para reenviar.
May 29, 2025 11:23:57 AM ControladorMesaVotacion reenviarVotosPendientes
INFO: No hay votos pendientes para reenviar.
May 29, 2025 11:24:00 AM ControladorMesaVotacion reenviarVotosPendientes
INFO: No hay votos pendientes para reenviar.
May 29, 2025 11:24:03 AM ControladorMesaVotacion reenviarVotosPendientes
INFO: No hay votos pendientes para reenviar.
May 29, 2025 11:24:06 AM ControladorMesaVotacion reenviarVotosPendientes
INFO: No hay votos pendientes para reenviar.
May 29, 2025 11:24:09 AM ControladorMesaVotacion reenviarVotosPendientes
INFO: No hay votos pendientes para reenviar.
May 29, 2025 11:24:12 AM ControladorMesaVotacion reenviarVotosPendientes
INFO: No hay votos pendientes para reenviar.
May 29, 2025 11:24:15 AM ControladorMesaVotacion reenviarVotosPendientes
INFO: No hay votos pendientes para reenviar.
May 29, 2025 11:24:18 AM ControladorMesaVotacion reenviarVotosPendientes
INFO: No hay votos pendientes para reenviar.
May 29, 2025 11:24:21 AM ControladorMesaVotacion reenviarVotosPendientes
INFO: No hay votos pendientes para reenviar.
May 29, 2025 11:24:24 AM ControladorMesaVotacion reenviarVotosPendientes
INFO: No hay votos pendientes para reenviar.
May 29, 2025 11:24:27 AM ControladorMesaVotacion reenviarVotosPendientes
INFO: No hay votos pendientes para reenviar.
May 29, 2025 11:24:30 AM ControladorMesaVotacion reenviarVotosPendientes
INFO: No hay votos pendientes para reenviar.
May 29, 2025 11:24:33 AM ControladorMesaVotacion reenviarVotosPendientes
INFO: No hay votos pendientes para reenviar.
May 29, 2025 11:24:36 AM ControladorMesaVotacion reenviarVotosPendientes
INFO: No hay votos pendientes para reenviar.
May 29, 2025 11:24:39 AM ControladorMesaVotacion reenviarVotosPendientes
INFO: No hay votos pendientes para reenviar.
May 29, 2025 11:24:42 AM ControladorMesaVotacion reenviarVotosPendientes
INFO: No hay votos pendientes para reenviar.
May 29, 2025 11:24:45 AM ControladorMesaVotacion reenviarVotosPendientes
INFO: No hay votos pendientes para reenviar.
May 29, 2025 11:24:48 AM ControladorMesaVotacion reenviarVotosPendientes
INFO: No hay votos pendientes para reenviar.
May 29, 2025 11:24:51 AM ControladorMesaVotacion reenviarVotosPendientes
INFO: No hay votos pendientes para reenviar.
May 29, 2025 11:24:54 AM ControladorMesaVotacion reenviarVotosPendientes
INFO: No hay votos pendientes para reenviar.
May 29, 2025 11:24:57 AM ControladorMesaVotacion reenviarVotosPendientes
INFO: No hay votos pendientes para reenviar.
May 29, 2025 11:25:00 AM ControladorMesaVotacion reenviarVotosPendientes
INFO: No hay votos pendientes para reenviar.
May 29, 2025 11:25:03 AM ControladorMesaVotacion reenviarVotosPendientes
INFO: No hay votos pendientes para reenviar.
May 29, 2025 11:25:06 AM ControladorMesaVotacion reenviarVotosPendientes
INFO: No hay votos pendientes para reenviar.
May 29, 2025 11:25:09 AM ControladorMesaVotacion reenviarVotosPendientes
INFO: No hay votos pendientes para reenviar.
May 29, 2025 11:25:12 AM ControladorMesaVotacion reenviarVotosPendientes
INFO: No hay votos pendientes para reenviar.
May 29, 2025 11:25:15 AM ControladorMesaVotacion reenviarVotosPendientes
INFO: No hay votos pendientes para reenviar.
May 29, 2025 11:25:18 AM ControladorMesaVotacion reenviarVotosPendientes
INFO: No hay votos pendientes para reenviar.
May 29, 2025 11:25:21 AM ControladorMesaVotacion reenviarVotosPendientes
INFO: No hay votos pendientes para reenviar.
May 29, 2025 11:25:24 AM ControladorMesaVotacion reenviarVotosPendientes
INFO: No hay votos pendientes para reenviar.
May 29, 2025 11:25:27 AM ControladorMesaVotacion reenviarVotosPendientes
INFO: No hay votos pendientes para reenviar.
May 29, 2025 11:25:30 AM ControladorMesaVotacion reenviarVotosPendientes
INFO: No hay votos pendientes para reenviar.
May 29, 2025 11:25:33 AM ControladorMesaVotacion reenviarVotosPendientes
INFO: No hay votos pendientes para reenviar.
May 29, 2025 11:25:36 AM ControladorMesaVotacion reenviarVotosPendientes
INFO: No hay votos pendientes para reenviar.
May 29, 2025 11:25:39 AM ControladorMesaVotacion reenviarVotosPendientes
INFO: No hay votos pendientes para reenviar.
May 29, 2025 11:25:42 AM ControladorMesaVotacion reenviarVotosPendientes
INFO: No hay votos pendientes para reenviar.
May 29, 2025 11:25:45 AM ControladorMesaVotacion reenviarVotosPendientes
INFO: No hay votos pendientes para reenviar.
May 29, 2025 11:25:48 AM ControladorMesaVotacion reenviarVotosPendientes
INFO: No hay votos pendientes para reenviar.
May 29, 2025 11:25:51 AM ControladorMesaVotacion reenviarVotosPendientes
INFO: No hay votos pendientes para reenviar.
May 29, 2025 11:25:54 AM ControladorMesaVotacion reenviarVotosPendientes
INFO: No hay votos pendientes para reenviar.
May 29, 2025 11:25:57 AM ControladorMesaVotacion reenviarVotosPendientes
INFO: No hay votos pendientes para reenviar.
May 29, 2025 11:26:00 AM ControladorMesaVotacion reenviarVotosPendientes
INFO: No hay votos pendientes para reenviar.
May 29, 2025 11:26:03 AM ControladorMesaVotacion reenviarVotosPendientes
INFO: No hay votos pendientes para reenviar.
May 29, 2025 11:26:06 AM ControladorMesaVotacion reenviarVotosPendientes
INFO: No hay votos pendientes para reenviar.
May 29, 2025 11:26:09 AM ControladorMesaVotacion reenviarVotosPendientes
INFO: No hay votos pendientes para reenviar.
May 29, 2025 11:26:12 AM ControladorMesaVotacion reenviarVotosPendientes
INFO: No hay votos pendientes para reenviar.
May 29, 2025 11:26:15 AM ControladorMesaVotacion reenviarVotosPendientes
INFO: No hay votos pendientes para reenviar.
May 29, 2025 11:26:18 AM ControladorMesaVotacion reenviarVotosPendientes
INFO: No hay votos pendientes para reenviar.
May 29, 2025 11:26:21 AM ControladorMesaVotacion reenviarVotosPendientes
INFO: No hay votos pendientes para reenviar.
May 29, 2025 11:26:24 AM ControladorMesaVotacion reenviarVotosPendientes
INFO: No hay votos pendientes para reenviar.
May 29, 2025 11:26:27 AM ControladorMesaVotacion reenviarVotosPendientes
INFO: No hay votos pendientes para reenviar.
May 29, 2025 11:26:30 AM ControladorMesaVotacion reenviarVotosPendientes
INFO: No hay votos pendientes para reenviar.
May 29, 2025 11:26:33 AM ControladorMesaVotacion reenviarVotosPendientes
INFO: No hay votos pendientes para reenviar.
May 29, 2025 11:26:36 AM ControladorMesaVotacion reenviarVotosPendientes
INFO: No hay votos pendientes para reenviar.
May 29, 2025 11:26:39 AM ControladorMesaVotacion reenviarVotosPendientes
INFO: No hay votos pendientes para reenviar.
May 29, 2025 11:26:42 AM ControladorMesaVotacion reenviarVotosPendientes
INFO: No hay votos pendientes para reenviar.
May 29, 2025 11:26:45 AM ControladorMesaVotacion reenviarVotosPendientes
INFO: No hay votos pendientes para reenviar.
May 29, 2025 11:26:48 AM ControladorMesaVotacion reenviarVotosPendientes
INFO: No hay votos pendientes para reenviar.
May 29, 2025 11:26:52 AM ControladorMesaVotacion reenviarVotosPendientes
INFO: No hay votos pendientes para reenviar.
May 29, 2025 11:26:55 AM ControladorMesaVotacion reenviarVotosPendientes
INFO: No hay votos pendientes para reenviar.
May 29, 2025 11:26:58 AM ControladorMesaVotacion reenviarVotosPendientes
INFO: No hay votos pendientes para reenviar.
May 29, 2025 11:27:01 AM ControladorMesaVotacion reenviarVotosPendientes
INFO: No hay votos pendientes para reenviar.
May 29, 2025 11:27:04 AM ControladorMesaVotacion reenviarVotosPendientes
INFO: No hay votos pendientes para reenviar.
May 29, 2025 11:27:07 AM ControladorMesaVotacion reenviarVotosPendientes
INFO: No hay votos pendientes para reenviar.
May 29, 2025 11:27:10 AM ControladorMesaVotacion reenviarVotosPendientes
INFO: No hay votos pendientes para reenviar.
May 29, 2025 11:27:13 AM ControladorMesaVotacion reenviarVotosPendientes
INFO: No hay votos pendientes para reenviar.
May 29, 2025 11:27:16 AM ControladorMesaVotacion reenviarVotosPendientes
INFO: No hay votos pendientes para reenviar.
May 29, 2025 11:27:19 AM ControladorMesaVotacion reenviarVotosPendientes
INFO: No hay votos pendientes para reenviar.
May 29, 2025 11:27:22 AM ControladorMesaVotacion reenviarVotosPendientes
INFO: No hay votos pendientes para reenviar.
May 29, 2025 11:27:25 AM ControladorMesaVotacion reenviarVotosPendientes
INFO: No hay votos pendientes para reenviar.
May 29, 2025 11:27:28 AM ControladorMesaVotacion reenviarVotosPendientes
INFO: No hay votos pendientes para reenviar.
May 29, 2025 11:27:31 AM ControladorMesaVotacion reenviarVotosPendientes
INFO: No hay votos pendientes para reenviar.
May 29, 2025 11:27:34 AM ControladorMesaVotacion reenviarVotosPendientes
INFO: No hay votos pendientes para reenviar.
May 29, 2025 11:27:37 AM ControladorMesaVotacion reenviarVotosPendientes
INFO: No hay votos pendientes para reenviar.
May 29, 2025 11:27:40 AM ControladorMesaVotacion reenviarVotosPendientes
INFO: No hay votos pendientes para reenviar.
May 29, 2025 11:27:43 AM ControladorMesaVotacion reenviarVotosPendientes
INFO: No hay votos pendientes para reenviar.
May 29, 2025 11:27:46 AM ControladorMesaVotacion reenviarVotosPendientes
INFO: No hay votos pendientes para reenviar.
May 29, 2025 11:27:49 AM ControladorMesaVotacion reenviarVotosPendientes
INFO: No hay votos pendientes para reenviar.
May 29, 2025 11:27:52 AM ControladorMesaVotacion reenviarVotosPendientes
INFO: No hay votos pendientes para reenviar.
May 29, 2025 11:27:55 AM ControladorMesaVotacion reenviarVotosPendientes
INFO: No hay votos pendientes para reenviar.
May 29, 2025 11:27:58 AM ControladorMesaVotacion reenviarVotosPendientes
INFO: No hay votos pendientes para reenviar.
May 29, 2025 11:28:01 AM ControladorMesaVotacion reenviarVotosPendientes
INFO: No hay votos pendientes para reenviar.
May 29, 2025 11:28:04 AM ControladorMesaVotacion reenviarVotosPendientes
INFO: No hay votos pendientes para reenviar.
May 29, 2025 11:28:07 AM ControladorMesaVotacion reenviarVotosPendientes
INFO: No hay votos pendientes para reenviar.
May 29, 2025 11:28:10 AM ControladorMesaVotacion reenviarVotosPendientes
INFO: No hay votos pendientes para reenviar.
May 29, 2025 11:28:13 AM ControladorMesaVotacion reenviarVotosPendientes
INFO: No hay votos pendientes para reenviar.
May 29, 2025 11:28:16 AM ControladorMesaVotacion reenviarVotosPendientes
INFO: No hay votos pendientes para reenviar.
May 29, 2025 11:28:19 AM ControladorMesaVotacion reenviarVotosPendientes
INFO: No hay votos pendientes para reenviar.
May 29, 2025 11:28:22 AM ControladorMesaVotacion reenviarVotosPendientes
INFO: No hay votos pendientes para reenviar.
May 29, 2025 11:28:25 AM ControladorMesaVotacion reenviarVotosPendientes
INFO: No hay votos pendientes para reenviar.
May 29, 2025 11:28:28 AM ControladorMesaVotacion reenviarVotosPendientes
INFO: No hay votos pendientes para reenviar.
May 29, 2025 11:28:31 AM ControladorMesaVotacion reenviarVotosPendientes
INFO: No hay votos pendientes para reenviar.
May 29, 2025 11:28:34 AM ControladorMesaVotacion reenviarVotosPendientes
INFO: No hay votos pendientes para reenviar.
May 29, 2025 11:28:37 AM ControladorMesaVotacion reenviarVotosPendientes
INFO: No hay votos pendientes para reenviar.
May 29, 2025 11:28:40 AM ControladorMesaVotacion reenviarVotosPendientes
INFO: No hay votos pendientes para reenviar.
May 29, 2025 11:28:43 AM ControladorMesaVotacion reenviarVotosPendientes
INFO: No hay votos pendientes para reenviar.
May 29, 2025 11:28:46 AM ControladorMesaVotacion reenviarVotosPendientes
INFO: No hay votos pendientes para reenviar.
May 29, 2025 11:28:49 AM ControladorMesaVotacion reenviarVotosPendientes
INFO: No hay votos pendientes para reenviar.
May 29, 2025 11:28:52 AM ControladorMesaVotacion reenviarVotosPendientes
INFO: No hay votos pendientes para reenviar.
May 29, 2025 11:28:55 AM ControladorMesaVotacion reenviarVotosPendientes
INFO: No hay votos pendientes para reenviar.
May 29, 2025 11:28:58 AM ControladorMesaVotacion reenviarVotosPendientes
INFO: No hay votos pendientes para reenviar.
May 29, 2025 11:29:01 AM ControladorMesaVotacion reenviarVotosPendientes
INFO: No hay votos pendientes para reenviar.
May 29, 2025 11:29:04 AM ControladorMesaVotacion reenviarVotosPendientes
INFO: No hay votos pendientes para reenviar.
May 29, 2025 11:29:07 AM ControladorMesaVotacion reenviarVotosPendientes
INFO: No hay votos pendientes para reenviar.
May 29, 2025 11:29:10 AM ControladorMesaVotacion reenviarVotosPendientes
INFO: No hay votos pendientes para reenviar.
May 29, 2025 11:29:13 AM ControladorMesaVotacion reenviarVotosPendientes
INFO: No hay votos pendientes para reenviar.
May 29, 2025 11:29:16 AM ControladorMesaVotacion reenviarVotosPendientes
INFO: No hay votos pendientes para reenviar.
May 29, 2025 11:29:19 AM ControladorMesaVotacion reenviarVotosPendientes
INFO: No hay votos pendientes para reenviar.
May 29, 2025 11:29:22 AM ControladorMesaVotacion reenviarVotosPendientes
INFO: No hay votos pendientes para reenviar.
May 29, 2025 11:29:25 AM ControladorMesaVotacion reenviarVotosPendientes
INFO: No hay votos pendientes para reenviar.
May 29, 2025 11:29:28 AM ControladorMesaVotacion reenviarVotosPendientes
INFO: No hay votos pendientes para reenviar.
May 29, 2025 11:29:31 AM ControladorMesaVotacion reenviarVotosPendientes
INFO: No hay votos pendientes para reenviar.
May 29, 2025 11:29:34 AM ControladorMesaVotacion reenviarVotosPendientes
INFO: No hay votos pendientes para reenviar.
May 29, 2025 11:29:37 AM ControladorMesaVotacion reenviarVotosPendientes
INFO: No hay votos pendientes para reenviar.
May 29, 2025 11:29:40 AM ControladorMesaVotacion reenviarVotosPendientes
INFO: No hay votos pendientes para reenviar.
May 29, 2025 11:29:43 AM ControladorMesaVotacion reenviarVotosPendientes
INFO: No hay votos pendientes para reenviar.
May 29, 2025 11:30:07 AM ControladorMesaVotacion reenviarVotosPendientes
INFO: No hay votos pendientes para reenviar.
May 29, 2025 11:30:07 AM ControladorMesaVotacion iniciarReintentoPeriodico
INFO: Hilo de reintento iniciado.
May 29, 2025 11:30:10 AM ControladorMesaVotacion reenviarVotosPendientes
INFO: No hay votos pendientes para reenviar.
May 29, 2025 11:30:13 AM ControladorMesaVotacion reenviarVotosPendientes
INFO: No hay votos pendientes para reenviar.
May 29, 2025 11:30:14 AM ControladorMesaVotacion registrarVoto
WARNING: Error al enviar voto. Guardando localmente: java.net.ConnectException: Connection refused
May 29, 2025 11:30:15 AM logger.GuardadoVotos save
INFO: Guardados 1 votos.
May 29, 2025 11:30:16 AM ControladorMesaVotacion reenviarVotosPendientes
WARNING: Error al reenviar voto: cfeeb0dd-80ee-4a9d-b1dc-a61f5bd4caa8 - java.net.ConnectException: Connection refused
May 29, 2025 11:30:19 AM ControladorMesaVotacion reenviarVotosPendientes
WARNING: Error al reenviar voto: cfeeb0dd-80ee-4a9d-b1dc-a61f5bd4caa8 - java.net.ConnectException: Connection refused
May 29, 2025 11:30:22 AM ControladorMesaVotacion reenviarVotosPendientes
WARNING: Error al reenviar voto: cfeeb0dd-80ee-4a9d-b1dc-a61f5bd4caa8 - java.net.ConnectException: Connection refused
May 29, 2025 11:30:25 AM ControladorMesaVotacion reenviarVotosPendientes
WARNING: Error al reenviar voto: cfeeb0dd-80ee-4a9d-b1dc-a61f5bd4caa8 - java.net.ConnectException: Connection refused
May 29, 2025 11:30:28 AM ControladorMesaVotacion reenviarVotosPendientes
WARNING: Error al reenviar voto: cfeeb0dd-80ee-4a9d-b1dc-a61f5bd4caa8 - java.net.ConnectException: Connection refused
May 29, 2025 11:30:31 AM ControladorMesaVotacion reenviarVotosPendientes
WARNING: Error al reenviar voto: cfeeb0dd-80ee-4a9d-b1dc-a61f5bd4caa8 - java.net.ConnectException: Connection refused
May 29, 2025 11:30:34 AM ControladorMesaVotacion reenviarVotosPendientes
WARNING: Error al reenviar voto: cfeeb0dd-80ee-4a9d-b1dc-a61f5bd4caa8 - java.net.ConnectException: Connection refused
May 29, 2025 11:30:37 AM ControladorMesaVotacion reenviarVotosPendientes
WARNING: Error al reenviar voto: cfeeb0dd-80ee-4a9d-b1dc-a61f5bd4caa8 - java.net.ConnectException: Connection refused
May 29, 2025 11:30:40 AM ControladorMesaVotacion reenviarVotosPendientes
WARNING: Error al reenviar voto: cfeeb0dd-80ee-4a9d-b1dc-a61f5bd4caa8 - java.net.ConnectException: Connection refused
May 29, 2025 11:30:43 AM ControladorMesaVotacion reenviarVotosPendientes
WARNING: Error al reenviar voto: cfeeb0dd-80ee-4a9d-b1dc-a61f5bd4caa8 - java.net.ConnectException: Connection refused
May 29, 2025 11:30:46 AM ControladorMesaVotacion reenviarVotosPendientes
WARNING: Error al reenviar voto: cfeeb0dd-80ee-4a9d-b1dc-a61f5bd4caa8 - java.net.ConnectException: Connection refused
May 29, 2025 11:30:49 AM ControladorMesaVotacion reenviarVotosPendientes
WARNING: Error al reenviar voto: cfeeb0dd-80ee-4a9d-b1dc-a61f5bd4caa8 - java.net.ConnectException: Connection refused
May 29, 2025 11:30:52 AM ControladorMesaVotacion reenviarVotosPendientes
WARNING: Error al reenviar voto: cfeeb0dd-80ee-4a9d-b1dc-a61f5bd4caa8 - java.net.ConnectException: Connection refused
May 29, 2025 11:30:55 AM ControladorMesaVotacion reenviarVotosPendientes
WARNING: Error al reenviar voto: cfeeb0dd-80ee-4a9d-b1dc-a61f5bd4caa8 - java.net.ConnectException: Connection refused
May 29, 2025 11:30:59 AM ControladorMesaVotacion reenviarVotosPendientes
WARNING: Error al reenviar voto: cfeeb0dd-80ee-4a9d-b1dc-a61f5bd4caa8 - java.net.ConnectException: Connection refused
May 29, 2025 11:31:02 AM ControladorMesaVotacion reenviarVotosPendientes
WARNING: Error al reenviar voto: cfeeb0dd-80ee-4a9d-b1dc-a61f5bd4caa8 - java.net.ConnectException: Connection refused
May 29, 2025 11:31:05 AM ControladorMesaVotacion reenviarVotosPendientes
WARNING: Error al reenviar voto: cfeeb0dd-80ee-4a9d-b1dc-a61f5bd4caa8 - java.net.ConnectException: Connection refused
May 29, 2025 11:31:08 AM ControladorMesaVotacion reenviarVotosPendientes
WARNING: Error al reenviar voto: cfeeb0dd-80ee-4a9d-b1dc-a61f5bd4caa8 - java.net.ConnectException: Connection refused
May 29, 2025 11:31:11 AM ControladorMesaVotacion reenviarVotosPendientes
WARNING: Error al reenviar voto: cfeeb0dd-80ee-4a9d-b1dc-a61f5bd4caa8 - java.net.ConnectException: Connection refused
May 29, 2025 11:31:14 AM ControladorMesaVotacion reenviarVotosPendientes
WARNING: Error al reenviar voto: cfeeb0dd-80ee-4a9d-b1dc-a61f5bd4caa8 - java.net.ConnectException: Connection refused
May 29, 2025 11:31:17 AM ControladorMesaVotacion reenviarVotosPendientes
WARNING: Error al reenviar voto: cfeeb0dd-80ee-4a9d-b1dc-a61f5bd4caa8 - java.net.ConnectException: Connection refused
May 29, 2025 11:31:20 AM ControladorMesaVotacion reenviarVotosPendientes
WARNING: Error al reenviar voto: cfeeb0dd-80ee-4a9d-b1dc-a61f5bd4caa8 - java.net.ConnectException: Connection refused
May 29, 2025 11:31:23 AM ControladorMesaVotacion reenviarVotosPendientes
WARNING: Error al reenviar voto: cfeeb0dd-80ee-4a9d-b1dc-a61f5bd4caa8 - java.net.ConnectException: Connection refused
May 29, 2025 11:31:26 AM ControladorMesaVotacion reenviarVotosPendientes
WARNING: Error al reenviar voto: cfeeb0dd-80ee-4a9d-b1dc-a61f5bd4caa8 - java.net.ConnectException: Connection refused
May 29, 2025 11:31:29 AM ControladorMesaVotacion reenviarVotosPendientes
WARNING: Error al reenviar voto: cfeeb0dd-80ee-4a9d-b1dc-a61f5bd4caa8 - java.net.ConnectException: Connection refused
May 29, 2025 11:31:32 AM ControladorMesaVotacion reenviarVotosPendientes
WARNING: Error al reenviar voto: cfeeb0dd-80ee-4a9d-b1dc-a61f5bd4caa8 - java.net.ConnectException: Connection refused
May 29, 2025 11:31:35 AM ControladorMesaVotacion reenviarVotosPendientes
WARNING: Error al reenviar voto: cfeeb0dd-80ee-4a9d-b1dc-a61f5bd4caa8 - java.net.ConnectException: Connection refused
May 29, 2025 11:31:38 AM ControladorMesaVotacion reenviarVotosPendientes
WARNING: Error al reenviar voto: cfeeb0dd-80ee-4a9d-b1dc-a61f5bd4caa8 - java.net.ConnectException: Connection refused
May 29, 2025 11:31:48 AM ControladorMesaVotacion reenviarVotosPendientes
INFO: No hay votos pendientes para reenviar.
May 29, 2025 11:31:48 AM ControladorMesaVotacion iniciarReintentoPeriodico
INFO: Hilo de reintento iniciado.
May 29, 2025 11:31:50 AM ControladorMesaVotacion registrarVoto
WARNING: Error al enviar voto. Guardando localmente: java.net.ConnectException: Connection refused
May 29, 2025 11:31:50 AM logger.GuardadoVotos save
INFO: Guardados 1 votos.
May 29, 2025 11:31:51 AM ControladorMesaVotacion reenviarVotosPendientes
WARNING: Error al reenviar voto: efa4a99d-ccfd-49ec-9f17-a0c616e90b34 - java.net.ConnectException: Connection refused
May 29, 2025 11:31:54 AM ControladorMesaVotacion reenviarVotosPendientes
WARNING: Error al reenviar voto: efa4a99d-ccfd-49ec-9f17-a0c616e90b34 - java.net.ConnectException: Connection refused
May 29, 2025 11:31:57 AM ControladorMesaVotacion reenviarVotosPendientes
WARNING: Error al reenviar voto: efa4a99d-ccfd-49ec-9f17-a0c616e90b34 - java.net.ConnectException: Connection refused
May 29, 2025 11:32:00 AM ControladorMesaVotacion reenviarVotosPendientes
WARNING: Error al reenviar voto: efa4a99d-ccfd-49ec-9f17-a0c616e90b34 - java.net.ConnectException: Connection refused
May 29, 2025 11:32:03 AM ControladorMesaVotacion reenviarVotosPendientes
WARNING: Error al reenviar voto: efa4a99d-ccfd-49ec-9f17-a0c616e90b34 - java.net.ConnectException: Connection refused
May 29, 2025 11:32:06 AM ControladorMesaVotacion reenviarVotosPendientes
WARNING: Error al reenviar voto: efa4a99d-ccfd-49ec-9f17-a0c616e90b34 - java.net.ConnectException: Connection refused
May 29, 2025 11:32:09 AM ControladorMesaVotacion reenviarVotosPendientes
WARNING: Error al reenviar voto: efa4a99d-ccfd-49ec-9f17-a0c616e90b34 - java.net.ConnectException: Connection refused
May 29, 2025 11:32:12 AM ControladorMesaVotacion reenviarVotosPendientes
WARNING: Error al reenviar voto: efa4a99d-ccfd-49ec-9f17-a0c616e90b34 - java.net.ConnectException: Connection refused
May 29, 2025 11:32:15 AM ControladorMesaVotacion reenviarVotosPendientes
WARNING: Error al reenviar voto: efa4a99d-ccfd-49ec-9f17-a0c616e90b34 - java.net.ConnectException: Connection refused
May 29, 2025 11:32:18 AM ControladorMesaVotacion reenviarVotosPendientes
WARNING: Error al reenviar voto: efa4a99d-ccfd-49ec-9f17-a0c616e90b34 - java.net.ConnectException: Connection refused
May 29, 2025 11:32:21 AM ControladorMesaVotacion reenviarVotosPendientes
WARNING: Error al reenviar voto: efa4a99d-ccfd-49ec-9f17-a0c616e90b34 - java.net.ConnectException: Connection refused
May 29, 2025 11:32:24 AM ControladorMesaVotacion reenviarVotosPendientes
WARNING: Error al reenviar voto: efa4a99d-ccfd-49ec-9f17-a0c616e90b34 - java.net.ConnectException: Connection refused
May 29, 2025 11:32:27 AM ControladorMesaVotacion reenviarVotosPendientes
WARNING: Error al reenviar voto: efa4a99d-ccfd-49ec-9f17-a0c616e90b34 - java.net.ConnectException: Connection refused
May 29, 2025 11:32:30 AM ControladorMesaVotacion reenviarVotosPendientes
WARNING: Error al reenviar voto: efa4a99d-ccfd-49ec-9f17-a0c616e90b34 - java.net.ConnectException: Connection refused
May 29, 2025 11:32:33 AM ControladorMesaVotacion reenviarVotosPendientes
WARNING: Error al reenviar voto: efa4a99d-ccfd-49ec-9f17-a0c616e90b34 - java.net.ConnectException: Connection refused
May 29, 2025 11:32:36 AM ControladorMesaVotacion reenviarVotosPendientes
WARNING: Error al reenviar voto: efa4a99d-ccfd-49ec-9f17-a0c616e90b34 - java.net.ConnectException: Connection refused
May 29, 2025 11:32:39 AM ControladorMesaVotacion reenviarVotosPendientes
WARNING: Error al reenviar voto: efa4a99d-ccfd-49ec-9f17-a0c616e90b34 - java.net.ConnectException: Connection refused
May 29, 2025 11:32:42 AM ControladorMesaVotacion reenviarVotosPendientes
WARNING: Error al reenviar voto: efa4a99d-ccfd-49ec-9f17-a0c616e90b34 - java.net.ConnectException: Connection refused
May 29, 2025 11:32:45 AM ControladorMesaVotacion reenviarVotosPendientes
WARNING: Error al reenviar voto: efa4a99d-ccfd-49ec-9f17-a0c616e90b34 - java.net.ConnectException: Connection refused
May 29, 2025 11:32:48 AM ControladorMesaVotacion reenviarVotosPendientes
WARNING: Error al reenviar voto: efa4a99d-ccfd-49ec-9f17-a0c616e90b34 - java.net.ConnectException: Connection refused
May 29, 2025 11:32:51 AM ControladorMesaVotacion reenviarVotosPendientes
WARNING: Error al reenviar voto: efa4a99d-ccfd-49ec-9f17-a0c616e90b34 - java.net.ConnectException: Connection refused
May 29, 2025 11:32:54 AM ControladorMesaVotacion reenviarVotosPendientes
WARNING: Error al reenviar voto: efa4a99d-ccfd-49ec-9f17-a0c616e90b34 - java.net.ConnectException: Connection refused
May 29, 2025 11:32:57 AM ControladorMesaVotacion reenviarVotosPendientes
WARNING: Error al reenviar voto: efa4a99d-ccfd-49ec-9f17-a0c616e90b34 - java.net.ConnectException: Connection refused
May 29, 2025 11:33:00 AM ControladorMesaVotacion reenviarVotosPendientes
WARNING: Error al reenviar voto: efa4a99d-ccfd-49ec-9f17-a0c616e90b34 - java.net.ConnectException: Connection refused
May 29, 2025 11:33:03 AM ControladorMesaVotacion reenviarVotosPendientes
WARNING: Error al reenviar voto: efa4a99d-ccfd-49ec-9f17-a0c616e90b34 - java.net.ConnectException: Connection refused
May 29, 2025 11:33:06 AM ControladorMesaVotacion reenviarVotosPendientes
WARNING: Error al reenviar voto: efa4a99d-ccfd-49ec-9f17-a0c616e90b34 - java.net.ConnectException: Connection refused
May 29, 2025 11:34:54 AM logger.GuardadoVotos load
INFO: Cargados 1 votos pendientes.
May 29, 2025 11:34:55 AM ackService.AckServiceI confirm
INFO: ACK recibido: efa4a99d-ccfd-49ec-9f17-a0c616e90b34
May 29, 2025 11:34:55 AM logger.GuardadoVotos save
INFO: Guardados 0 votos.
May 29, 2025 11:34:55 AM ControladorMesaVotacion reenviarVotosPendientes
INFO: Voto reenviado: efa4a99d-ccfd-49ec-9f17-a0c616e90b34
May 29, 2025 11:34:55 AM ControladorMesaVotacion iniciarReintentoPeriodico
INFO: Hilo de reintento iniciado.
May 29, 2025 11:34:58 AM ControladorMesaVotacion reenviarVotosPendientes
INFO: No hay votos pendientes para reenviar.
May 29, 2025 11:35:01 AM ControladorMesaVotacion reenviarVotosPendientes
INFO: No hay votos pendientes para reenviar.
May 29, 2025 11:35:04 AM ControladorMesaVotacion reenviarVotosPendientes
INFO: No hay votos pendientes para reenviar.
May 29, 2025 11:35:07 AM ControladorMesaVotacion reenviarVotosPendientes
INFO: No hay votos pendientes para reenviar.
May 29, 2025 11:35:10 AM ControladorMesaVotacion reenviarVotosPendientes
INFO: No hay votos pendientes para reenviar.
May 29, 2025 11:35:13 AM ControladorMesaVotacion reenviarVotosPendientes
INFO: No hay votos pendientes para reenviar.
May 29, 2025 11:35:16 AM ControladorMesaVotacion reenviarVotosPendientes
INFO: No hay votos pendientes para reenviar.
May 29, 2025 11:35:19 AM ControladorMesaVotacion reenviarVotosPendientes
INFO: No hay votos pendientes para reenviar.
May 29, 2025 11:35:22 AM ControladorMesaVotacion reenviarVotosPendientes
INFO: No hay votos pendientes para reenviar.
May 29, 2025 11:35:25 AM ControladorMesaVotacion reenviarVotosPendientes
INFO: No hay votos pendientes para reenviar.
May 29, 2025 11:35:28 AM ControladorMesaVotacion reenviarVotosPendientes
INFO: No hay votos pendientes para reenviar.
May 29, 2025 11:35:31 AM ControladorMesaVotacion reenviarVotosPendientes
INFO: No hay votos pendientes para reenviar.
May 29, 2025 11:35:34 AM ControladorMesaVotacion reenviarVotosPendientes
INFO: No hay votos pendientes para reenviar.
May 29, 2025 11:35:37 AM ControladorMesaVotacion reenviarVotosPendientes
INFO: No hay votos pendientes para reenviar.
May 29, 2025 11:35:40 AM ControladorMesaVotacion reenviarVotosPendientes
INFO: No hay votos pendientes para reenviar.
May 29, 2025 11:35:43 AM ControladorMesaVotacion reenviarVotosPendientes
INFO: No hay votos pendientes para reenviar.
May 29, 2025 11:35:46 AM ControladorMesaVotacion reenviarVotosPendientes
INFO: No hay votos pendientes para reenviar.
May 29, 2025 11:35:49 AM ControladorMesaVotacion reenviarVotosPendientes
INFO: No hay votos pendientes para reenviar.
May 29, 2025 11:35:52 AM ControladorMesaVotacion reenviarVotosPendientes
INFO: No hay votos pendientes para reenviar.
May 29, 2025 11:35:55 AM ControladorMesaVotacion reenviarVotosPendientes
INFO: No hay votos pendientes para reenviar.
May 29, 2025 11:35:58 AM ControladorMesaVotacion reenviarVotosPendientes
INFO: No hay votos pendientes para reenviar.
May 29, 2025 11:36:01 AM ControladorMesaVotacion reenviarVotosPendientes
INFO: No hay votos pendientes para reenviar.
May 29, 2025 11:36:04 AM ControladorMesaVotacion reenviarVotosPendientes
INFO: No hay votos pendientes para reenviar.
May 29, 2025 11:36:07 AM ControladorMesaVotacion reenviarVotosPendientes
INFO: No hay votos pendientes para reenviar.
May 29, 2025 11:36:10 AM ControladorMesaVotacion reenviarVotosPendientes
INFO: No hay votos pendientes para reenviar.
May 29, 2025 11:36:13 AM ControladorMesaVotacion reenviarVotosPendientes
INFO: No hay votos pendientes para reenviar.
May 29, 2025 11:37:11 AM logger.GuardadoVotos load
INFO: Cargados 0 votos pendientes.
May 29, 2025 11:37:11 AM ControladorMesaVotacion reenviarVotosPendientes
INFO: No hay votos pendientes para reenviar.
May 29, 2025 11:37:11 AM ControladorMesaVotacion iniciarReintentoPeriodico
INFO: Hilo de reintento iniciado.
May 29, 2025 11:37:14 AM ControladorMesaVotacion reenviarVotosPendientes
INFO: No hay votos pendientes para reenviar.
May 29, 2025 11:37:17 AM ControladorMesaVotacion reenviarVotosPendientes
INFO: No hay votos pendientes para reenviar.
May 29, 2025 11:37:20 AM ControladorMesaVotacion reenviarVotosPendientes
INFO: No hay votos pendientes para reenviar.
May 29, 2025 11:37:21 AM ControladorMesaVotacion registrarVoto
WARNING: Error al enviar voto. Guardando localmente: java.net.ConnectException: Connection refused
May 29, 2025 11:37:21 AM logger.GuardadoVotos save
INFO: Guardados 1 votos.
May 29, 2025 11:37:23 AM ControladorMesaVotacion reenviarVotosPendientes
WARNING: Error al reenviar voto: 31f32ea2-e0e8-470d-b530-831faadc4d48 - java.net.ConnectException: Connection refused
May 29, 2025 11:37:26 AM ControladorMesaVotacion reenviarVotosPendientes
WARNING: Error al reenviar voto: 31f32ea2-e0e8-470d-b530-831faadc4d48 - java.net.ConnectException: Connection refused
May 29, 2025 11:37:29 AM ControladorMesaVotacion reenviarVotosPendientes
WARNING: Error al reenviar voto: 31f32ea2-e0e8-470d-b530-831faadc4d48 - java.net.ConnectException: Connection refused
May 29, 2025 11:37:32 AM ControladorMesaVotacion reenviarVotosPendientes
WARNING: Error al reenviar voto: 31f32ea2-e0e8-470d-b530-831faadc4d48 - java.net.ConnectException: Connection refused
May 29, 2025 11:37:35 AM ControladorMesaVotacion reenviarVotosPendientes
WARNING: Error al reenviar voto: 31f32ea2-e0e8-470d-b530-831faadc4d48 - java.net.ConnectException: Connection refused
May 29, 2025 11:37:38 AM ControladorMesaVotacion reenviarVotosPendientes
WARNING: Error al reenviar voto: 31f32ea2-e0e8-470d-b530-831faadc4d48 - java.net.ConnectException: Connection refused
May 29, 2025 11:37:42 AM ackService.AckServiceI confirm
INFO: ACK recibido: 31f32ea2-e0e8-470d-b530-831faadc4d48
May 29, 2025 11:37:42 AM logger.GuardadoVotos save
INFO: Guardados 0 votos.
May 29, 2025 11:37:42 AM ControladorMesaVotacion reenviarVotosPendientes
INFO: Voto reenviado: 31f32ea2-e0e8-470d-b530-831faadc4d48
May 29, 2025 11:37:45 AM ControladorMesaVotacion reenviarVotosPendientes
INFO: No hay votos pendientes para reenviar.
May 29, 2025 11:37:48 AM ControladorMesaVotacion reenviarVotosPendientes
INFO: No hay votos pendientes para reenviar.
May 29, 2025 11:37:51 AM ControladorMesaVotacion reenviarVotosPendientes
INFO: No hay votos pendientes para reenviar.
May 29, 2025 11:37:54 AM ControladorMesaVotacion reenviarVotosPendientes
INFO: No hay votos pendientes para reenviar.
May 29, 2025 11:37:57 AM ControladorMesaVotacion reenviarVotosPendientes
INFO: No hay votos pendientes para reenviar.
